c:\users\kimad\source\repos\limbus company\build\limbuscompanytrainer.dir\release\imgui_impl_opengl3.obj
c:\users\kimad\source\repos\limbus company\build\limbuscompanytrainer.dir\release\imgui_impl_glfw.obj
c:\users\kimad\source\repos\limbus company\build\limbuscompanytrainer.dir\release\imgui_widgets.obj
c:\users\kimad\source\repos\limbus company\build\limbuscompanytrainer.dir\release\imgui_tables.obj
c:\users\kimad\source\repos\limbus company\build\limbuscompanytrainer.dir\release\imgui_draw.obj
c:\users\kimad\source\repos\limbus company\build\limbuscompanytrainer.dir\release\imgui_demo.obj
c:\users\kimad\source\repos\limbus company\build\limbuscompanytrainer.dir\release\imgui.obj
c:\users\kimad\source\repos\limbus company\build\limbuscompanytrainer.dir\release\main.obj
c:\users\kimad\source\repos\limbus company\build\cmakefiles\generate.stamp
c:\users\kimad\source\repos\limbus company\build\release\limbuscompanytrainer.exe
c:\users\kimad\source\repos\limbus company\build\limbuscompanytrainer.dir\release\limbusco.89b3258e.tlog\cl.command.1.tlog
c:\users\kimad\source\repos\limbus company\build\limbuscompanytrainer.dir\release\limbusco.89b3258e.tlog\cl.items.tlog
c:\users\kimad\source\repos\limbus company\build\limbuscompanytrainer.dir\release\limbusco.89b3258e.tlog\cl.read.1.tlog
c:\users\kimad\source\repos\limbus company\build\limbuscompanytrainer.dir\release\limbusco.89b3258e.tlog\cl.write.1.tlog
c:\users\kimad\source\repos\limbus company\build\limbuscompanytrainer.dir\release\limbusco.89b3258e.tlog\custombuild.command.1.tlog
c:\users\kimad\source\repos\limbus company\build\limbuscompanytrainer.dir\release\limbusco.89b3258e.tlog\custombuild.read.1.tlog
c:\users\kimad\source\repos\limbus company\build\limbuscompanytrainer.dir\release\limbusco.89b3258e.tlog\custombuild.write.1.tlog
c:\users\kimad\source\repos\limbus company\build\limbuscompanytrainer.dir\release\limbusco.89b3258e.tlog\link.command.1.tlog
c:\users\kimad\source\repos\limbus company\build\limbuscompanytrainer.dir\release\limbusco.89b3258e.tlog\link.read.1.tlog
c:\users\kimad\source\repos\limbus company\build\limbuscompanytrainer.dir\release\limbusco.89b3258e.tlog\link.secondary.1.tlog
c:\users\kimad\source\repos\limbus company\build\limbuscompanytrainer.dir\release\limbusco.89b3258e.tlog\link.write.1.tlog
